Traceback (most recent call last):
  File "C:\Users\Sharks\Desktop\CryptoNews\run_digest.py", line 44, in <module>
    main()
    ~~~~^^
  File "C:\Users\Sharks\Desktop\CryptoNews\run_digest.py", line 38, in main
    print(json.dumps({"sent": send}, indent=2, ensure_ascii=False))
    ~~~~~^^^^^^^^^^^^^^^^^^^^^^^^^^^^^^^^^^^^^^^^^^^^^^^^^^^^^^^^^^
  File "C:\Users\Sharks\AppData\Local\Programs\Python\Python313\Lib\encodings\cp1252.py", line 19, in encode
    return codecs.charmap_encode(input,self.errors,encoding_table)[0]
           ~~~~~~~~~~~~~~~~~~~~~^^^^^^^^^^^^^^^^^^^^^^^^^^^^^^^^^^
UnicodeEncodeError: 'charmap' codec can't encode characters in position 607-608: character maps to <undefined>
Traceback (most recent call last):
  File "C:\Users\Sharks\Desktop\CryptoNews\run_digest.py", line 44, in <module>
    main()
    ~~~~^^
  File "C:\Users\Sharks\Desktop\CryptoNews\run_digest.py", line 38, in main
    print(json.dumps({"sent": send}, indent=2, ensure_ascii=False))
    ~~~~~^^^^^^^^^^^^^^^^^^^^^^^^^^^^^^^^^^^^^^^^^^^^^^^^^^^^^^^^^^
  File "C:\Users\Sharks\AppData\Local\Programs\Python\Python313\Lib\encodings\cp1252.py", line 19, in encode
    return codecs.charmap_encode(input,self.errors,encoding_table)[0]
           ~~~~~~~~~~~~~~~~~~~~~^^^^^^^^^^^^^^^^^^^^^^^^^^^^^^^^^^
UnicodeEncodeError: 'charmap' codec can't encode characters in position 607-608: character maps to <undefined>
{
  "sent": {
    "ok": true,
    "result": {
      "message_id": 49,
      "from": {
        "id": 8306097487,
        "is_bot": true,
        "first_name": "CryptoNews",
        "username": "MyVolatilityWatcherBot"
      },
      "chat": {
        "id": 166237035,
        "first_name": "Ahmed",
        "last_name": "Morsy",
        "username": "AhmadMorsi",
        "type": "private"
      },
      "date": 1760273177,
      "text": "Crypto Volatility Watcher — heartbeat\nStatus: OK\nTime: 2025-10-12 12:45:40 UTC\nNext: wiring real signals (news, on-chain, market) step-by-step.\n\n🗓️ U.S. Economic Calendar (no high-impact items within 48h)\nNext official events beyond window:\n\n• US FOMC Rate Decision at 2028-01-26 18:00 UTC — policy stmt expected ~2pm ET\n• US FOMC Minutes at 2028-02-16 18:00 UTC — minutes ~3w after\n\nToken Unlocks — next window\nNo unlocks ≥ $5.0M in next 48h.\n\nCrypto News\nNo items in last 24h.",
      "entities": [
        {
          "offset": 0,
          "length": 37,
          "type": "bold"
        },
        {
          "offset": 145,
          "length": 26,
          "type": "bold"
        },
        {
          "offset": 245,
          "length": 21,
          "type": "bold"
        },
        {
          "offset": 324,
          "length": 15,
          "type": "bold"
        },
        {
          "offset": 385,
          "length": 27,
          "type": "bold"
        },
        {
          "offset": 446,
          "length": 11,
          "type": "bold"
        }
      ]
    }
  }
}
[digest] done.
[Sun 10/12/2025 16:44:59.12] starting digest 
{
  "sent": {
    "ok": true,
    "result": {
      "message_id": 50,
      "from": {
        "id": 8306097487,
        "is_bot": true,
        "first_name": "CryptoNews",
        "username": "MyVolatilityWatcherBot"
      },
      "chat": {
        "id": 166237035,
        "first_name": "Ahmed",
        "last_name": "Morsy",
        "username": "AhmadMorsi",
        "type": "private"
      },
      "date": 1760276745,
      "text": "Crypto Volatility Watcher — heartbeat\nStatus: OK\nTime: 2025-10-12 13:44:59 UTC\nNext: wiring real signals (news, on-chain, market) step-by-step.\n\n🗓️ U.S. Economic Calendar (no high-impact items within 48h)\nNext official events beyond window:\n\n• US FOMC Rate Decision at 2028-01-26 18:00 UTC — policy stmt expected ~2pm ET\n• US FOMC Minutes at 2028-02-16 18:00 UTC — minutes ~3w after\n\nToken Unlocks — next window\nNo unlocks ≥ $5.0M in next 48h.\n\nCrypto News\nNo items in last 24h.",
      "entities": [
        {
          "offset": 0,
          "length": 37,
          "type": "bold"
        },
        {
          "offset": 145,
          "length": 26,
          "type": "bold"
        },
        {
          "offset": 245,
          "length": 21,
          "type": "bold"
        },
        {
          "offset": 324,
          "length": 15,
          "type": "bold"
        },
        {
          "offset": 385,
          "length": 27,
          "type": "bold"
        },
        {
          "offset": 446,
          "length": 11,
          "type": "bold"
        }
      ]
    }
  }
}
[digest] done.
[Sun 10/12/2025 17:10:13.59] starting digest 
{
  "sent": {
    "ok": true,
    "result": {
      "message_id": 53,
      "from": {
        "id": 8306097487,
        "is_bot": true,
        "first_name": "CryptoNews",
        "username": "MyVolatilityWatcherBot"
      },
      "chat": {
        "id": 166237035,
        "first_name": "Ahmed",
        "last_name": "Morsy",
        "username": "AhmadMorsi",
        "type": "private"
      },
      "date": 1760278250,
      "text": "Crypto Volatility Watcher — heartbeat\nStatus: OK\nTime: 2025-10-12 14:10:14 UTC\nNext: wiring real signals (news, on-chain, market) step-by-step.\n\n🗓️ U.S. Economic Calendar (no high-impact items within 48h)\nNext official events beyond window:\n\n• US FOMC Rate Decision at 2028-01-26 18:00 UTC — policy stmt expected ~2pm ET\n• US FOMC Minutes at 2028-02-16 18:00 UTC — minutes ~3w after\n\nToken Unlocks — next window\nNo unlocks ≥ $5.0M in next 48h.\n\nCrypto News\nNo items in last 24h.",
      "entities": [
        {
          "offset": 0,
          "length": 37,
          "type": "bold"
        },
        {
          "offset": 145,
          "length": 26,
          "type": "bold"
        },
        {
          "offset": 245,
          "length": 21,
          "type": "bold"
        },
        {
          "offset": 324,
          "length": 15,
          "type": "bold"
        },
        {
          "offset": 385,
          "length": 27,
          "type": "bold"
        },
        {
          "offset": 446,
          "length": 11,
          "type": "bold"
        }
      ]
    }
  }
}
[digest] done.
[Sun 10/12/2025 17:13:28.02] starting digest 
{
  "sent": {
    "ok": true,
    "result": {
      "message_id": 55,
      "from": {
        "id": 8306097487,
        "is_bot": true,
        "first_name": "CryptoNews",
        "username": "MyVolatilityWatcherBot"
      },
      "chat": {
        "id": 166237035,
        "first_name": "Ahmed",
        "last_name": "Morsy",
        "username": "AhmadMorsi",
        "type": "private"
      },
      "date": 1760278442,
      "text": "Crypto Volatility Watcher — heartbeat\nStatus: OK\nTime: 2025-10-12 14:13:28 UTC\nNext: wiring real signals (news, on-chain, market) step-by-step.\n\n🗓️ U.S. Economic Calendar (no high-impact items within 48h)\nNext official events beyond window:\n\n• US FOMC Rate Decision at 2028-01-26 18:00 UTC — policy stmt expected ~2pm ET\n• US FOMC Minutes at 2028-02-16 18:00 UTC — minutes ~3w after\n\nToken Unlocks — next window\nNo unlocks ≥ $5.0M in next 48h.\n\nCrypto News\nNo items in last 24h.",
      "entities": [
        {
          "offset": 0,
          "length": 37,
          "type": "bold"
        },
        {
          "offset": 145,
          "length": 26,
          "type": "bold"
        },
        {
          "offset": 245,
          "length": 21,
          "type": "bold"
        },
        {
          "offset": 324,
          "length": 15,
          "type": "bold"
        },
        {
          "offset": 385,
          "length": 27,
          "type": "bold"
        },
        {
          "offset": 446,
          "length": 11,
          "type": "bold"
        }
      ]
    }
  }
}
[digest] done.
[Sun 10/12/2025 18:37:13.64] starting digest 
{
  "sent": {
    "ok": true,
    "result": {
      "message_id": 61,
      "from": {
        "id": 8306097487,
        "is_bot": true,
        "first_name": "CryptoNews",
        "username": "MyVolatilityWatcherBot"
      },
      "chat": {
        "id": 166237035,
        "first_name": "Ahmed",
        "last_name": "Morsy",
        "username": "AhmadMorsi",
        "type": "private"
      },
      "date": 1760283471,
      "text": "Crypto Volatility Watcher — heartbeat\nStatus: OK\nTime: 2025-10-12 15:37:14 UTC\nNext: wiring real signals (news, on-chain, market) step-by-step.\n\n🗓️ U.S. Economic Calendar (no high-impact items within 48h)\n• US FOMC Rate Decision at 2028-01-26 18:00 UTC — policy stmt expected ~2pm ET\n• US FOMC Minutes at 2028-02-16 18:00 UTC — minutes ~3w after\n\nToken Unlocks — next window\nNo unlocks ≥ $5.0M in next 48h.\n\nCrypto News\nNo items in last 24h.",
      "entities": [
        {
          "offset": 0,
          "length": 37,
          "type": "bold"
        },
        {
          "offset": 145,
          "length": 26,
          "type": "bold"
        },
        {
          "offset": 208,
          "length": 21,
          "type": "bold"
        },
        {
          "offset": 287,
          "length": 15,
          "type": "bold"
        },
        {
          "offset": 348,
          "length": 27,
          "type": "bold"
        },
        {
          "offset": 409,
          "length": 11,
          "type": "bold"
        }
      ]
    }
  }
}
[digest] done.
[Mon 10/13/2025  9:00:02.19] starting digest 
{
  "sent": {
    "ok": true,
    "result": {
      "message_id": 110,
      "from": {
        "id": 8306097487,
        "is_bot": true,
        "first_name": "CryptoNews",
        "username": "MyVolatilityWatcherBot"
      },
      "chat": {
        "id": 166237035,
        "first_name": "Ahmed",
        "last_name": "Morsy",
        "username": "AhmadMorsi",
        "type": "private"
      },
      "date": 1760335210,
      "text": "Crypto Volatility Watcher — heartbeat\nStatus: OK\nTime: 2025-10-13 06:00:03 UTC\nNext: wiring real signals (news, on-chain, market) step-by-step.\n\n🗓️ U.S. Economic Calendar (no high-impact items within 48h)\n• US FOMC Rate Decision at 2028-01-26 18:00 UTC — policy stmt expected ~2pm ET\n• US FOMC Minutes at 2028-02-16 18:00 UTC — minutes ~3w after\n\nToken Unlocks — next window\nNo unlocks ≥ $5.0M in next 48h.\n\nCrypto News\n• There Is Too Much Friction in Web3 For Newcomers. Here’s How We Fix it. — CoinDesk\nhttps://www.coindesk.com/opinion/2025/10/11/there-is-too-much-friction-in-web3-for-newcomers-here-s-how-we-fix-it",
      "entities": [
        {
          "offset": 0,
          "length": 37,
          "type": "bold"
        },
        {
          "offset": 145,
          "length": 26,
          "type": "bold"
        },
        {
          "offset": 208,
          "length": 21,
          "type": "bold"
        },
        {
          "offset": 287,
          "length": 15,
          "type": "bold"
        },
        {
          "offset": 506,
          "length": 113,
          "type": "url"
        }
      ],
      "link_preview_options": {
        "url": "https://www.coindesk.com/opinion/2025/10/11/there-is-too-much-friction-in-web3-for-newcomers-here-s-how-we-fix-it"
      }
    }
  }
}
[digest] done.
[Tue 10/14/2025  9:00:02.41] starting digest 
{
  "sent": {
    "ok": true,
    "result": {
      "message_id": 112,
      "from": {
        "id": 8306097487,
        "is_bot": true,
        "first_name": "CryptoNews",
        "username": "MyVolatilityWatcherBot"
      },
      "chat": {
        "id": 166237035,
        "first_name": "Ahmed",
        "last_name": "Morsy",
        "username": "AhmadMorsi",
        "type": "private"
      },
      "date": 1760421609,
      "text": "Crypto Volatility Watcher — heartbeat\nStatus: OK\nTime: 2025-10-14 06:00:03 UTC\n\n\n🗓️ U.S. Economic Calendar (no high-impact items within 48h)\n• US FOMC Rate Decision at 2028-01-26 18:00 UTC — policy stmt expected ~2pm ET\n• US FOMC Minutes at 2028-02-16 18:00 UTC — minutes ~3w after\n\nToken Unlocks — next window\nNo unlocks ≥ $5.0M in next 48h.\n\nCrypto News\n• XLM Rises 6% to Recover From Weekend Plunge — CoinDesk\nhttps://www.coindesk.com/markets/2025/10/13/xlm-rises-6-to-recover-from-weekend-plunge",
      "entities": [
        {
          "offset": 0,
          "length": 37,
          "type": "bold"
        },
        {
          "offset": 81,
          "length": 26,
          "type": "bold"
        },
        {
          "offset": 144,
          "length": 21,
          "type": "bold"
        },
        {
          "offset": 223,
          "length": 15,
          "type": "bold"
        },
        {
          "offset": 414,
          "length": 86,
          "type": "url"
        }
      ],
      "link_preview_options": {
        "url": "https://www.coindesk.com/markets/2025/10/13/xlm-rises-6-to-recover-from-weekend-plunge"
      }
    }
  }
}
[digest] done.
[Wed 10/15/2025  9:00:02.17] starting digest 
{
  "sent": {
    "ok": true,
    "result": {
      "message_id": 142,
      "from": {
        "id": 8306097487,
        "is_bot": true,
        "first_name": "CryptoNews",
        "username": "MyVolatilityWatcherBot"
      },
      "chat": {
        "id": -4909935063,
        "title": "Urgent News",
        "type": "group",
        "all_members_are_administrators": true,
        "accepted_gift_types": {
          "unlimited_gifts": false,
          "limited_gifts": false,
          "unique_gifts": false,
          "premium_subscription": false
        }
      },
      "date": 1760508009,
      "text": "Crypto Volatility Watcher — heartbeat\nStatus: OK\nTime: 2025-10-15 06:00:03 UTC\n\n\n🗓️ U.S. Economic Calendar (no high-impact items within 48h)\n• US FOMC Rate Decision at 2028-01-26 18:00 UTC — policy stmt expected ~2pm ET\n• US FOMC Minutes at 2028-02-16 18:00 UTC — minutes ~3w after\n\nToken Unlocks — next window\nNo unlocks ≥ $5.0M in next 48h.\n\nCrypto News\n• Cathie Wood's ARK Invest Takes 11.5% Stake in Solana Treasury Firm Solmate Infrastructure (SLMT) — CoinDesk\nhttps://www.coindesk.com/markets/2025/10/14/cathie-wood-s-ark-invest-takes-11-5-stake-in-solana-treasury-firm-solmate-slmt",
      "entities": [
        {
          "offset": 0,
          "length": 37,
          "type": "bold"
        },
        {
          "offset": 81,
          "length": 26,
          "type": "bold"
        },
        {
          "offset": 144,
          "length": 21,
          "type": "bold"
        },
        {
          "offset": 223,
          "length": 15,
          "type": "bold"
        },
        {
          "offset": 467,
          "length": 122,
          "type": "url"
        }
      ],
      "link_preview_options": {
        "url": "https://www.coindesk.com/markets/2025/10/14/cathie-wood-s-ark-invest-takes-11-5-stake-in-solana-treasury-firm-solmate-slmt"
      }
    }
  }
}
[digest] done.
[Fri 10/17/2025  9:05:46.23] starting digest 
{
  "sent": {
    "ok": true,
    "result": {
      "message_id": 143,
      "from": {
        "id": 8306097487,
        "is_bot": true,
        "first_name": "CryptoNews",
        "username": "MyVolatilityWatcherBot"
      },
      "chat": {
        "id": -4909935063,
        "title": "Urgent News",
        "type": "group",
        "all_members_are_administrators": true,
        "accepted_gift_types": {
          "unlimited_gifts": false,
          "limited_gifts": false,
          "unique_gifts": false,
          "premium_subscription": false
        }
      },
      "date": 1760683205,
      "text": "Crypto Volatility Watcher — heartbeat\nStatus: OK\nTime: 2025-10-17 06:35:48 UTC\n\n\n🗓️ U.S. Economic Calendar (no high-impact items within 48h)\n• US FOMC Rate Decision at 2028-01-26 18:00 UTC — policy stmt expected ~2pm ET\n• US FOMC Minutes at 2028-02-16 18:00 UTC — minutes ~3w after\n\nToken Unlocks — next window\nNo unlocks ≥ $5.0M in next 48h.\n\nCrypto News\n• XRP Near Exhaustion Zone After 34% Holder Drawdown. Could Macro Easing Pump Demand? — CoinDesk\nhttps://www.coindesk.com/markets/2025/10/17/xrp-near-exhaustion-zone-after-34-holder-drawdown-could-macro-easing-pump-demand",
      "entities": [
        {
          "offset": 0,
          "length": 37,
          "type": "bold"
        },
        {
          "offset": 81,
          "length": 26,
          "type": "bold"
        },
        {
          "offset": 144,
          "length": 21,
          "type": "bold"
        },
        {
          "offset": 223,
          "length": 15,
          "type": "bold"
        },
        {
          "offset": 454,
          "length": 124,
          "type": "url"
        }
      ],
      "link_preview_options": {
        "url": "https://www.coindesk.com/markets/2025/10/17/xrp-near-exhaustion-zone-after-34-holder-drawdown-could-macro-easing-pump-demand"
      }
    }
  }
}
[digest] done.
